Source Create Handle:00000000
Current Create Handle:FFFFFFFF
filename:Global\SHMemC__DOCUMENTS_AND_SETTINGS_ALL_USERS_APPLICATION_DATA_RISING_KAKA_KAKA_S1.DAT
Content:createfilemapping handle:00000004
Source Mapping Handle:00000000
Current Mapping Handle:00000740
Content:mapviewoffile bytes:0 addr:0x740
Source Mapping Handle:00000000
Current Mapping Handle:00000740
Content:mapviewoffile bytes:0 addr:0x740
Source Create Handle:00000000
Current Create Handle:FFFFFFFF
filename:Global\SHMemC__DOCUMENTS_AND_SETTINGS_ALL_USERS_APPLICATION_DATA_RISING_KAKA_KAKA_C1.DAT
Content:createfilemapping handle:00000004
Source Mapping Handle:00000000
Current Mapping Handle:00000734
Content:mapviewoffile bytes:0 addr:0x734
Source Mapping Handle:00000000
Current Mapping Handle:00000734
Content:mapviewoffile bytes:0 addr:0x734
Source Mapping Handle:00000000
Current Mapping Handle:00000724
Content:mapviewoffile bytes:0 addr:0x347b0
Source Mapping Handle:00000000
Current Mapping Handle:00000724
Content:mapviewoffile bytes:0 addr:0x347b0
Source Create Handle:00000000
Current Create Handle:FFFFFFFF
filename:CiceroSharedMemDefaultS-1-5-21-1547161642-1454471165-682003330-500
Content:createfilemapping handle:0007EE20
Source Mapping Handle:00000000
Current Mapping Handle:0000071C
Content:mapviewoffile bytes:0 addr:0x1
Source Mapping Handle:00000000
Current Mapping Handle:0000071C
Content:mapviewoffile bytes:0 addr:0x1
Source Mapping Handle:00000000
Current Mapping Handle:00000700
Content:mapviewoffile bytes:0 addr:0x700
Source Mapping Handle:00000000
Current Mapping Handle:00000700
Content:mapviewoffile bytes:0 addr:0x700
Source Mapping Handle:00000000
Current Mapping Handle:000006FC
Content:mapviewoffile bytes:0 addr:0x1
Source Mapping Handle:00000000
Current Mapping Handle:000006FC
Content:mapviewoffile bytes:0 addr:0x1
Source Mapping Handle:00000000
Current Mapping Handle:000006FC
Content:mapviewoffile bytes:0 addr:0x6fc
Source Mapping Handle:00000000
Current Mapping Handle:000006FC
Content:mapviewoffile bytes:0 addr:0x6fc
Source Create Handle:00000000
Current Create Handle:FFFFFFFF
filename:MSCTF.MarshalInterface.FileMap.AKI..BLBNEFB
Content:createfilemapping handle:000C458C
Source Mapping Handle:00000000
Current Mapping Handle:000006F4
Content:mapviewoffile bytes:0 addr:0x6f4
Source Mapping Handle:00000000
Current Mapping Handle:000006F4
Content:mapviewoffile bytes:0 addr:0x6f4
Source Create Handle:00000000
Current Create Handle:FFFFFFFF
filename:MSCTF.MarshalInterface.FileMap.AKI.B.BMBNEFB
Content:createfilemapping handle:000C46F4
Source Mapping Handle:00000000
Current Mapping Handle:000006F8
Content:mapviewoffile bytes:0 addr:0x6f8
Source Mapping Handle:00000000
Current Mapping Handle:000006F8
Content:mapviewoffile bytes:0 addr:0x6f8
Source Mapping Handle:00000000
Current Mapping Handle:000006EC
Content:mapviewoffile bytes:0 addr:0x6ec
Source Mapping Handle:00000000
Current Mapping Handle:000006EC
Content:mapviewoffile bytes:0 addr:0x6ec
Source Create Handle:00000000
Current Create Handle:FFFFFFFF
filename:MSCTF.MarshalInterface.FileMap.AKI.C.AACNEFB
Content:createfilemapping handle:000C46F4
Source Mapping Handle:00000000
Current Mapping Handle:000006F8
Content:mapviewoffile bytes:0 addr:0x6f8
Source Mapping Handle:00000000
Current Mapping Handle:000006F8
Content:mapviewoffile bytes:0 addr:0x6f8
Source Create Handle:00000000
Current Create Handle:FFFFFFFF
filename:MSCTF.MarshalInterface.FileMap.AKI.D.AACNEFB
Content:createfilemapping handle:000C69DC
Source Mapping Handle:00000000
Current Mapping Handle:000006E8
Content:mapviewoffile bytes:0 addr:0x6e8
Source Mapping Handle:00000000
Current Mapping Handle:000006E8
Content:mapviewoffile bytes:0 addr:0x6e8
Source Create Handle:00000000
Current Create Handle:FFFFFFFF
filename:MSCTF.MarshalInterface.FileMap.AKI.E.AACNEFB
Content:createfilemapping handle:000C6B64
Source Mapping Handle:00000000
Current Mapping Handle:000006E4
Content:mapviewoffile bytes:0 addr:0x6e4
Source Mapping Handle:00000000
Current Mapping Handle:000006E4
Content:mapviewoffile bytes:0 addr:0x6e4
Source Create Handle:00000000
Current Create Handle:FFFFFFFF
filename:MSCTF.MarshalInterface.FileMap.AKI.F.PBCNEFB
Content:createfilemapping handle:000C46F4
Source Mapping Handle:00000000
Current Mapping Handle:000006F8
Content:mapviewoffile bytes:0 addr:0x6f8
Source Mapping Handle:00000000
Current Mapping Handle:000006F8
Content:mapviewoffile bytes:0 addr:0x6f8
Source Create Handle:00000000
Current Create Handle:FFFFFFFF
filename:MSCTF.MarshalInterface.FileMap.AKI.G.OCCNEFB
Content:createfilemapping handle:000C69DC
Source Mapping Handle:00000000
Current Mapping Handle:000006E8
Content:mapviewoffile bytes:0 addr:0x6e8
Source Mapping Handle:00000000
Current Mapping Handle:000006E8
Content:mapviewoffile bytes:0 addr:0x6e8
Source Create Handle:00000000
Current Create Handle:FFFFFFFF
filename:MSCTF.MarshalInterface.FileMap.AKI.H.OCCNEFB
Content:createfilemapping handle:000C6B64
Source Mapping Handle:00000000
Current Mapping Handle:000006E4
Content:mapviewoffile bytes:0 addr:0x6e4
Source Mapping Handle:00000000
Current Mapping Handle:000006E4
Content:mapviewoffile bytes:0 addr:0x6e4
Source Mapping Handle:00000000
Current Mapping Handle:000006E0
Content:mapviewoffile bytes:0 addr:0x6e0
Source Mapping Handle:00000000
Current Mapping Handle:000006E0
Content:mapviewoffile bytes:0 addr:0x6e0
Source Mapping Handle:00000000
Current Mapping Handle:000006E0
Content:mapviewoffile bytes:0 addr:0x6e0
Source Mapping Handle:00000000
Current Mapping Handle:000006E0
Content:mapviewoffile bytes:0 addr:0x6e0
Source Mapping Handle:00000000
Current Mapping Handle:000006E0
Content:mapviewoffile bytes:0 addr:0x6e0
Source Mapping Handle:00000000
Current Mapping Handle:000006E0
Content:mapviewoffile bytes:0 addr:0x6e0
Source Mapping Handle:00000000
Current Mapping Handle:000005AC
Content:mapviewoffile bytes:0 addr:0x5ac
Source Mapping Handle:00000000
Current Mapping Handle:000005AC
Content:mapviewoffile bytes:0 addr:0x5ac
Source Mapping Handle:00000000
Current Mapping Handle:000005AC
Content:mapviewoffile bytes:0 addr:0x5ac
Source Mapping Handle:00000000
Current Mapping Handle:000005AC
Content:mapviewoffile bytes:0 addr:0x5ac
Source Mapping Handle:00000000
Current Mapping Handle:000005AC
Content:mapviewoffile bytes:0 addr:0x5ac
Source Mapping Handle:00000000
Current Mapping Handle:000005AC
Content:mapviewoffile bytes:0 addr:0x5ac
Source Mapping Handle:00000000
Current Mapping Handle:000005AC
Content:mapviewoffile bytes:0 addr:0x5ac
Source Mapping Handle:00000000
Current Mapping Handle:000005AC
Content:mapviewoffile bytes:0 addr:0x5ac
Source Mapping Handle:00000000
Current Mapping Handle:000005A8
Content:mapviewoffile bytes:0 addr:0x5a8
Source Mapping Handle:00000000
Current Mapping Handle:000005A8
Content:mapviewoffile bytes:0 addr:0x5a8
Source Mapping Handle:00000000
Current Mapping Handle:000005AC
Content:mapviewoffile bytes:0 addr:0x5ac
Source Mapping Handle:00000000
Current Mapping Handle:000005AC
Content:mapviewoffile bytes:0 addr:0x5ac
Source Mapping Handle:00000000
Current Mapping Handle:000005A8
Content:mapviewoffile bytes:0 addr:0x5a8
Source Mapping Handle:00000000
Current Mapping Handle:000005A8
Content:mapviewoffile bytes:0 addr:0x5a8
Source Mapping Handle:00000000
Current Mapping Handle:000005AC
Content:mapviewoffile bytes:0 addr:0x5ac
Source Mapping Handle:00000000
Current Mapping Handle:000005AC
Content:mapviewoffile bytes:0 addr:0x5ac
Source Mapping Handle:00000000
Current Mapping Handle:000005A8
Content:mapviewoffile bytes:0 addr:0x5a8
Source Mapping Handle:00000000
Current Mapping Handle:000005A8
Content:mapviewoffile bytes:0 addr:0x5a8
Source Mapping Handle:00000000
Current Mapping Handle:000005AC
Content:mapviewoffile bytes:0 addr:0x5ac
Source Mapping Handle:00000000
Current Mapping Handle:000005AC
Content:mapviewoffile bytes:0 addr:0x5ac
Source Mapping Handle:00000000
Current Mapping Handle:000005A8
Content:mapviewoffile bytes:0 addr:0x5a8
Source Mapping Handle:00000000
Current Mapping Handle:000005A8
Content:mapviewoffile bytes:0 addr:0x5a8
Source Mapping Handle:00000000
Current Mapping Handle:000005AC
Content:mapviewoffile bytes:0 addr:0x5ac
Source Mapping Handle:00000000
Current Mapping Handle:000005AC
Content:mapviewoffile bytes:0 addr:0x5ac
Source Mapping Handle:00000000
Current Mapping Handle:000005A8
Content:mapviewoffile bytes:0 addr:0x5a8
Source Mapping Handle:00000000
Current Mapping Handle:000005A8
Content:mapviewoffile bytes:0 addr:0x5a8
Source Mapping Handle:00000000
Current Mapping Handle:000005AC
Content:mapviewoffile bytes:0 addr:0x5ac
Source Mapping Handle:00000000
Current Mapping Handle:000005AC
Content:mapviewoffile bytes:0 addr:0x5ac
Source Mapping Handle:00000000
Current Mapping Handle:000005A8
Content:mapviewoffile bytes:0 addr:0x5a8
Source Mapping Handle:00000000
Current Mapping Handle:000005A8
Content:mapviewoffile bytes:0 addr:0x5a8
Source Mapping Handle:00000000
Current Mapping Handle:000005AC
Content:mapviewoffile bytes:0 addr:0x5ac
Source Mapping Handle:00000000
Current Mapping Handle:000005AC
Content:mapviewoffile bytes:0 addr:0x5ac
Source Mapping Handle:00000000
Current Mapping Handle:000005A4
Content:mapviewoffile bytes:0 addr:0x5a4
Source Mapping Handle:00000000
Current Mapping Handle:000005A4
Content:mapviewoffile bytes:0 addr:0x5a4
Source Mapping Handle:00000000
Current Mapping Handle:000005A4
Content:mapviewoffile bytes:0 addr:0x5a4
Source Mapping Handle:00000000
Current Mapping Handle:000005A4
Content:mapviewoffile bytes:0 addr:0x5a4
Source Mapping Handle:00000000
Current Mapping Handle:000005A4
Content:mapviewoffile bytes:0 addr:0x5a4
Source Mapping Handle:00000000
Current Mapping Handle:000005A4
Content:mapviewoffile bytes:0 addr:0x5a4
Source Mapping Handle:00000000
Current Mapping Handle:000005A4
Content:mapviewoffile bytes:0 addr:0x5a4
Source Mapping Handle:00000000
Current Mapping Handle:000005A4
Content:mapviewoffile bytes:0 addr:0x5a4
Source Mapping Handle:00000000
Current Mapping Handle:00000598
Content:mapviewoffile bytes:0 addr:0x598
Source Mapping Handle:00000000
Current Mapping Handle:00000598
Content:mapviewoffile bytes:0 addr:0x598
Source Mapping Handle:00000000
Current Mapping Handle:00000598
Content:mapviewoffile bytes:0 addr:0x598
Source Mapping Handle:00000000
Current Mapping Handle:00000598
Content:mapviewoffile bytes:0 addr:0x598
Source Mapping Handle:00000000
Current Mapping Handle:00000598
Content:mapviewoffile bytes:0 addr:0x598
Source Mapping Handle:00000000
Current Mapping Handle:00000598
Content:mapviewoffile bytes:0 addr:0x598
Source Mapping Handle:00000000
Current Mapping Handle:00000598
Content:mapviewoffile bytes:0 addr:0x598
Source Mapping Handle:00000000
Current Mapping Handle:00000598
Content:mapviewoffile bytes:0 addr:0x598
Source Mapping Handle:00000000
Current Mapping Handle:00000598
Content:mapviewoffile bytes:0 addr:0x598
Source Mapping Handle:00000000
Current Mapping Handle:00000598
Content:mapviewoffile bytes:0 addr:0x598
Source Mapping Handle:00000000
Current Mapping Handle:00000598
Content:mapviewoffile bytes:0 addr:0x598
Source Mapping Handle:00000000
Current Mapping Handle:00000598
Content:mapviewoffile bytes:0 addr:0x598
Source Mapping Handle:00000000
Current Mapping Handle:00000598
Content:mapviewoffile bytes:0 addr:0x598
Source Mapping Handle:00000000
Current Mapping Handle:00000598
Content:mapviewoffile bytes:0 addr:0x598
Source Mapping Handle:00000000
Current Mapping Handle:00000598
Content:mapviewoffile bytes:0 addr:0x598
Source Mapping Handle:00000000
Current Mapping Handle:00000598
Content:mapviewoffile bytes:0 addr:0x598
Source Create Handle:00000000
Current Create Handle:FFFFFFFF
