mov dword ptr ss:[esp+0x4], eax
mov dword ptr ss:[esp+0x8], ebx
jmp 0x77da1973
ES:35  DS:35  SI:0  DI:0
ES:35  DS:35  SI:0  DI:0
ES:35  DS:35  SI:0  DI:0
mov edi, edi
push ebp
mov ebp, esp
push ecx
push ecx
lea eax, ptr [ebp-0x8]
push eax
call 0x77da1958
ES:35  DS:35  SI:0  DI:0
ES:35  DS:35  SI:0  DI:0
ES:35  DS:35  SI:0  DI:0
ES:35  DS:35  SI:0  DI:0
ES:35  DS:35  SI:0  DI:0
ES:35  DS:35  SI:0  DI:0
ES:35  DS:35  SI:0  DI:0
ES:35  DS:35  SI:0  DI:0
mov edi, edi
push ebp
mov ebp, esp
test byte ptr ds:[0x7ffe02f0], 0x40
jnz 0x77de0657
pop ebp
ret 0x4
ES:35  DS:35  SI:0  DI:0
ES:35  DS:35  SI:0  DI:0
ES:35  DS:35  SI:0  DI:0
ES:35  DS:35  SI:0  DI:0
ES:35  DS:35  SI:0  DI:0
ES:35  DS:35  SI:0  DI:0
ES:35  DS:35  SI:0  DI:0
push dword ptr ss:[ebp+0xc]
push dword ptr ss:[ebp+0x8]
call 0x77da1994
ES:35  DS:35  SI:0  DI:0
ES:35  DS:35  SI:0  DI:0
ES:35  DS:35  SI:0  DI:0
push 0x14
push 0x77db4ab8
call 0x77daa4b8
ES:35  DS:35  SI:0  DI:0
ES:35  DS:35  SI:0  DI:0
ES:35  DS:35  SI:0  DI:0
push 0x77d699fa
push dword ptr fs:[0x0]
mov eax, dword ptr ss:[esp+0x10]
mov dword ptr ss:[esp+0x10], ebp
lea ebp, ptr [esp+0x10]
sub esp, eax
push ebx
push esi
push edi
mov eax, dword ptr ds:[0x77e241c0]
xor dword ptr ss:[ebp-0x4], eax
xor eax, ebp
push eax
mov dword ptr ss:[ebp-0x18], esp
push dword ptr ss:[ebp-0x8]
mov eax, dword ptr ss:[ebp-0x4]
mov dword ptr ss:[ebp-0x4], 0xfffffffe
mov dword ptr ss:[ebp-0x8], eax
lea eax, ptr [ebp-0x10]
mov dword ptr fs:[0x0], eax
ret 
ES:35  DS:35  SI:0  DI:0
ES:35  DS:35  SI:0  DI:0
ES:35  DS:35  SI:0  DI:0
ES:35  DS:35  SI:0  DI:0
ES:35  DS:35  SI:0  DI:0
ES:35  DS:35  SI:0  DI:0
ES:35  DS:35  SI:0  DI:0
ES:35  DS:35  SI:0  DI:0
ES:35  DS:35  SI:0  DI:0
ES:35  DS:35  SI:0  DI:0
ES:35  DS:35  SI:0  DI:0
ES:35  DS:35  SI:0  DI:0
ES:35  DS:35  SI:0  DI:0
ES:35  DS:35  SI:0  DI:0
ES:35  DS:35  SI:0  DI:0
ES:35  DS:35  SI:0  DI:0
ES:35  DS:35  SI:0  DI:0
ES:35  DS:35  SI:0  DI:0
ES:35  DS:35  SI:0  DI:0
ES:35  DS:35  SI:0  DI:0
ES:35  DS:35  SI:0  DI:0
and dword ptr ss:[ebp-0x4], 0x0
mov eax, dword ptr ds:[0x77e24260]
push dword ptr ss:[ebp+0xc]
test eax, eax
jz 0x77d76842
mov edx, dword ptr ss:[ebp+0x8]
xor ecx, ecx
call eax
ES:35  DS:35  SI:0  DI:0
ES:35  DS:35  SI:0  DI:0
ES:35  DS:35  SI:0  DI:0
ES:35  DS:35  SI:0  DI:0
ES:35  DS:35  SI:0  DI:0
ES:35  DS:35  SI:0  DI:0
ES:35  DS:35  SI:0  DI:0
ES:35  DS:35  SI:0  DI:0
mov edi, edi
push ebp
mov ebp, esp
test ecx, ecx
jnz 0x7751a7ba
push dword ptr ss:[ebp+0x8]
call edx
ES:35  DS:35  SI:0  DI:0
ES:35  DS:35  SI:0  DI:0
ES:35  DS:35  SI:0  DI:0
ES:35  DS:35  SI:0  DI:0
ES:35  DS:35  SI:0  DI:0
ES:35  DS:35  SI:0  DI:0
ES:35  DS:35  SI:0  DI:0
lea esi, ptr [0x403000]
lea edi, ptr [0x403007]
mov ecx, 0x6
cld 
rep movsb 
push 0x0
call 0x40101c
ES:35  DS:35  SI:0  DI:0
ES:35  DS:35  SI:4206592  DI:0
ES:35  DS:35  SI:4206592  DI:4206599
ES:35  DS:35  SI:4206592  DI:4206599
ES:35  DS:35  SI:4206592  DI:4206599
ES:35  DS:35  SI:4206598  DI:4206605
ES:35  DS:35  SI:4206598  DI:4206605
jmp dword ptr ds:[0x402000]
ES:35  DS:35  SI:4206598  DI:4206605
mov eax, eax
push ebp
mov ebp, esp
push 0xff
push 0x77e8f3b0
push dword ptr ss:[ebp+0x8]
call dword ptr ds:[0x774f1004]
ES:35  DS:35  SI:4206598  DI:4206605
ES:35  DS:35  SI:4206598  DI:4206605
ES:35  DS:35  SI:4206598  DI:4206605
ES:35  DS:35  SI:4206598  DI:4206605
ES:35  DS:35  SI:4206598  DI:4206605
ES:35  DS:35  SI:4206598  DI:4206605
ES:35  DS:35  SI:4206598  DI:4206605
mov edi, edi
push ebp
mov ebp, esp
push ebx
push esi
push edi
mov edi, 0x77e24300
push edi
call 0x77da8af0
ES:35  DS:35  SI:4206598  DI:4206605
ES:35  DS:35  SI:4206598  DI:4206605
ES:35  DS:35  SI:4206598  DI:4206605
ES:35  DS:35  SI:4206598  DI:4206605
ES:35  DS:35  SI:4206598  DI:4206605
ES:35  DS:35  SI:4206598  DI:4206605
ES:35  DS:35  SI:4206598  DI:4206605
ES:35  DS:35  SI:4206598  DI:2011316992
ES:35  DS:35  SI:4206598  DI:2011316992
mov edi, edi
push ebp
mov ebp, esp
sub esp, 0xc
push esi
push edi
mov edi, dword ptr ss:[ebp+0x8]
lea esi, ptr [edi+0x4]
mov eax, esi
lock btr dword ptr ds:[eax], 0x0
jnb 0x77dc68fe
mov eax, dword ptr fs:[0x18]
mov ecx, dword ptr ds:[eax+0x24]
mov dword ptr ds:[edi+0xc], ecx
mov dword ptr ds:[edi+0x8], 0x1
pop edi
xor eax, eax
pop esi
mov esp, ebp
pop ebp
ret 0x4
ES:35  DS:35  SI:4206598  DI:2011316992
ES:35  DS:35  SI:4206598  DI:2011316992
ES:35  DS:35  SI:4206598  DI:2011316992
ES:35  DS:35  SI:4206598  DI:2011316992
ES:35  DS:35  SI:4206598  DI:2011316992
ES:35  DS:35  SI:4206598  DI:2011316992
ES:35  DS:35  SI:4206598  DI:2011316992
ES:35  DS:35  SI:4206598  DI:2011316992
ES:35  DS:35  SI:2011316996  DI:2011316992
ES:35  DS:35  SI:2011316996  DI:2011316992
ES:35  DS:35  SI:2011316996  DI:2011316992
ES:35  DS:35  SI:2011316996  DI:2011316992
ES:35  DS:35  SI:2011316996  DI:2011316992
ES:35  DS:35  SI:2011316996  DI:2011316992
ES:35  DS:35  SI:2011316996  DI:2011316992
ES:35  DS:35  SI:2011316996  DI:2011316992
ES:35  DS:35  SI:2011316996  DI:2011316992
ES:35  DS:35  SI:2011316996  DI:2011316992
ES:35  DS:35  SI:4206598  DI:2011316992
ES:35  DS:35  SI:4206598  DI:2011316992
ES:35  DS:35  SI:4206598  DI:2011316992
mov esi, 0x77e24460
push esi
call 0x77da8af0
ES:35  DS:35  SI:4206598  DI:2011316992
ES:35  DS:35  SI:2011317344  DI:2011316992
ES:35  DS:35  SI:2011317344  DI:2011316992
ES:35  DS:35  SI:2011317344  DI:2011316992
ES:35  DS:35  SI:2011317344  DI:2011316992
ES:35  DS:35  SI:2011317344  DI:2011316992
ES:35  DS:35  SI:2011317344  DI:2011316992
ES:35  DS:35  SI:2011317344  DI:2011316992
ES:35  DS:35  SI:2011317344  DI:2011316992
ES:35  DS:35  SI:2011317344  DI:2011316992
ES:35  DS:35  SI:2011317344  DI:2011317344
ES:35  DS:35  SI:2011317348  DI:2011317344
ES:35  DS:35  SI:2011317348  DI:2011317344
ES:35  DS:35  SI:2011317348  DI:2011317344
ES:35  DS:35  SI:2011317348  DI:2011317344
ES:35  DS:35  SI:2011317348  DI:2011317344
ES:35  DS:35  SI:2011317348  DI:2011317344
ES:35  DS:35  SI:2011317348  DI:2011317344
ES:35  DS:35  SI:2011317348  DI:2011317344
ES:35  DS:35  SI:2011317348  DI:2011316992
ES:35  DS:35  SI:2011317348  DI:2011316992
ES:35  DS:35  SI:2011317344  DI:2011316992
ES:35  DS:35  SI:2011317344  DI:2011316992
ES:35  DS:35  SI:2011317344  DI:2011316992
mov eax, dword ptr fs:[0x18]
mov eax, dword ptr ds:[eax+0x30]
push dword ptr ds:[eax+0x18]
call 0x77d9e69f
ES:35  DS:35  SI:2011317344  DI:2011316992
ES:35  DS:35  SI:2011317344  DI:2011316992
ES:35  DS:35  SI:2011317344  DI:2011316992
ES:35  DS:35  SI:2011317344  DI:2011316992
mov edi, edi
push ebp
mov ebp, esp
sub esp, 0x24
push esi
mov esi, dword ptr ss:[ebp+0x8]
test dword ptr ds:[esi+0x44], 0x1000000
jnz 0x77dcfe2c
push 0x77db1fae
push esi
call 0x77d9e679
ES:35  DS:35  SI:2011317344  DI:2011316992
ES:35  DS:35  SI:2011317344  DI:2011316992
ES:35  DS:35  SI:2011317344  DI:2011316992
ES:35  DS:35  SI:2011317344  DI:2011316992
ES:35  DS:35  SI:2011317344  DI:2011316992
ES:35  DS:35  SI:2011317344  DI:2011316992
ES:35  DS:35  SI:1835008  DI:2011316992
ES:35  DS:35  SI:1835008  DI:2011316992
ES:35  DS:35  SI:1835008  DI:2011316992
ES:35  DS:35  SI:1835008  DI:2011316992
ES:35  DS:35  SI:1835008  DI:2011316992
mov edi, edi
push ebp
mov ebp, esp
push esi
mov esi, dword ptr ss:[ebp+0x8]
push edi
lea edi, ptr [esi+0x64]
cmp dword ptr ds:[edi], 0xeeffeeff
jnz 0x77dde293
mov al, 0x1
pop edi
pop esi
pop ebp
ret 0x8
ES:35  DS:35  SI:1835008  DI:2011316992
ES:35  DS:35  SI:1835008  DI:2011316992
ES:35  DS:35  SI:1835008  DI:2011316992
ES:35  DS:35  SI:1835008  DI:2011316992
ES:35  DS:35  SI:1835008  DI:2011316992
ES:35  DS:35  SI:1835008  DI:2011316992
ES:35  DS:35  SI:1835008  DI:2011316992
ES:35  DS:35  SI:1835008  DI:1835108
ES:35  DS:35  SI:1835008  DI:1835108
ES:35  DS:35  SI:1835008  DI:1835108
ES:35  DS:35  SI:1835008  DI:1835108
ES:35  DS:35  SI:1835008  DI:2011316992
ES:35  DS:35  SI:1835008  DI:2011316992
ES:35  DS:35  SI:1835008  DI:2011316992
test al, al
jz 0x77d9e6ee
test byte ptr ds:[esi+0x40], 0x1
jnz 0x77d9e6df
push dword ptr ds:[esi+0xcc]
call 0x77da8af0
ES:35  DS:35  SI:1835008  DI:2011316992
ES:35  DS:35  SI:1835008  DI:2011316992
ES:35  DS:35  SI:1835008  DI:2011316992
ES:35  DS:35  SI:1835008  DI:2011316992
ES:35  DS:35  SI:1835008  DI:2011316992
ES:35  DS:35  SI:1835008  DI:2011316992
ES:35  DS:35  SI:1835008  DI:2011316992
ES:35  DS:35  SI:1835008  DI:2011316992
ES:35  DS:35  SI:1835008  DI:2011316992
ES:35  DS:35  SI:1835008  DI:2011316992
ES:35  DS:35  SI:1835008  DI:2011316992
ES:35  DS:35  SI:1835008  DI:2011316992
ES:35  DS:35  SI:1835008  DI:2011316992
ES:35  DS:35  SI:1835008  DI:1835312
ES:35  DS:35  SI:1835316  DI:1835312
ES:35  DS:35  SI:1835316  DI:1835312
ES:35  DS:35  SI:1835316  DI:1835312
ES:35  DS:35  SI:1835316  DI:1835312
ES:35  DS:35  SI:1835316  DI:1835312
ES:35  DS:35  SI:1835316  DI:1835312
ES:35  DS:35  SI:1835316  DI:1835312
ES:35  DS:35  SI:1835316  DI:1835312
ES:35  DS:35  SI:1835316  DI:2011316992
ES:35  DS:35  SI:1835316  DI:2011316992
ES:35  DS:35  SI:1835008  DI:2011316992
ES:35  DS:35  SI:1835008  DI:2011316992
ES:35  DS:35  SI:1835008  DI:2011316992
inc word ptr ds:[esi+0xd8]
cmp byte ptr ds:[0x7ffe0380], 0x0
jnz 0x77dcfe37
mov al, 0x1
pop esi
leave 
ret 0x4
ES:35  DS:35  SI:1835008  DI:2011316992
ES:35  DS:35  SI:1835008  DI:2011316992
ES:35  DS:35  SI:1835008  DI:2011316992
ES:35  DS:35  SI:1835008  DI:2011316992
ES:35  DS:35  SI:1835008  DI:2011316992
ES:35  DS:35  SI:2011317344  DI:2011316992
ES:35  DS:35  SI:2011317344  DI:2011316992
push dword ptr ss:[ebp+0x8]
push 0x0
call 0x77dc54f4
ES:35  DS:35  SI:2011317344  DI:2011316992
ES:35  DS:35  SI:2011317344  DI:2011316992
ES:35  DS:35  SI:2011317344  DI:2011316992
mov eax, 0x14e
mov edx, 0x7ffe0300
call dword ptr ds:[edx]
ES:35  DS:35  SI:2011317344  DI:2011316992
ES:35  DS:35  SI:2011317344  DI:2011316992
ES:35  DS:35  SI:2011317344  DI:2011316992
mov edx, esp
sysenter 
ES:35  DS:35  SI:2011317344  DI:2011316992
ES:35  DS:35  SI:2011317344  DI:2011316992
#eof
